# JRE version: OpenJDK Runtime Environment (8.0_152-b06) (build 1.8.0_152-release-1136-b06)
# Java VM: OpenJDK 64-Bit Server VM (25.152-b06 mixed mode bsd-amd64 compressed oops)
Heap:
 PSYoungGen      total 341504K, used 323634K [0x00000007a0000000, 0x00000007bf880000, 0x00000007c0000000)
  eden space 239616K, 100% used [0x00000007a0000000,0x00000007aea00000,0x00000007aea00000)
  from space 101888K, 82% used [0x00000007aea00000,0x00000007b3c0ca28,0x00000007b4d80000)
  to   space 111616K, 14% used [0x00000007b8b80000,0x00000007b9bacf18,0x00000007bf880000)
 ParOldGen       total 174592K, used 131025K [0x0000000760000000, 0x000000076aa80000, 0x00000007a0000000)
  object space 174592K, 75% used [0x0000000760000000,0x0000000767ff4678,0x000000076aa80000)
 Metaspace       used 66476K, capacity 68927K, committed 69144K, reserved 1110016K
  class space    used 7833K, capacity 8444K, committed 8488K, reserved 1048576K
GC Heap History (10 events):
Event: 701.061 GC heap after
Heap after GC invocations=19 (full 4):
 PSYoungGen      total 234496K, used 52204K [0x00000007a0000000, 0x00000007b6200000, 0x00000007c0000000)
  eden space 182272K, 0% used [0x00000007a0000000,0x00000007a0000000,0x00000007ab200000)
  from space 52224K, 99% used [0x00000007ab200000,0x00000007ae4fb3a0,0x00000007ae500000)
  to   space 67072K, 0% used [0x00000007b2080000,0x00000007b2080000,0x00000007b6200000)
 ParOldGen       total 174592K, used 65360K [0x0000000760000000, 0x000000076aa80000, 0x00000007a0000000)
  object space 174592K, 37% used [0x0000000760000000,0x0000000763fd4330,0x000000076aa80000)
 Metaspace       used 61400K, capacity 62981K, committed 63384K, reserved 1105920K
  class space    used 7338K, capacity 7757K, committed 7848K, reserved 1048576K
}
Event: 777.608 GC heap before
{Heap before GC invocations=20 (full 4):
 PSYoungGen      total 234496K, used 234476K [0x00000007a0000000, 0x00000007b6200000, 0x00000007c0000000)
  eden space 182272K, 100% used [0x00000007a0000000,0x00000007ab200000,0x00000007ab200000)
  from space 52224K, 99% used [0x00000007ab200000,0x00000007ae4fb3a0,0x00000007ae500000)
  to   space 67072K, 0% used [0x00000007b2080000,0x00000007b2080000,0x00000007b6200000)
 ParOldGen       total 174592K, used 65360K [0x0000000760000000, 0x000000076aa80000, 0x00000007a0000000)
  object space 174592K, 37% used [0x0000000760000000,0x0000000763fd4330,0x000000076aa80000)
 Metaspace       used 63281K, capacity 65379K, committed 65432K, reserved 1105920K
  class space    used 7549K, capacity 8090K, committed 8104K, reserved 1048576K
Event: 777.960 GC heap after
Heap after GC invocations=20 (full 4):
 PSYoungGen      total 284160K, used 67059K [0x00000007a0000000, 0x00000007b7280000, 0x00000007c0000000)
  eden space 217088K, 0% used [0x00000007a0000000,0x00000007a0000000,0x00000007ad400000)
  from space 67072K, 99% used [0x00000007b2080000,0x00000007b61fcce8,0x00000007b6200000)
  to   space 78336K, 0% used [0x00000007ad400000,0x00000007ad400000,0x00000007b2080000)
 ParOldGen       total 174592K, used 67191K [0x0000000760000000, 0x000000076aa80000, 0x00000007a0000000)
  object space 174592K, 38% used [0x0000000760000000,0x000000076419de70,0x000000076aa80000)
 Metaspace       used 63281K, capacity 65379K, committed 65432K, reserved 1105920K
  class space    used 7549K, capacity 8090K, committed 8104K, reserved 1048576K
}
Event: 1320.437 GC heap before
{Heap before GC invocations=21 (full 4):
 PSYoungGen      total 284160K, used 284147K [0x00000007a0000000, 0x00000007b7280000, 0x00000007c0000000)
  eden space 217088K, 100% used [0x00000007a0000000,0x00000007ad400000,0x00000007ad400000)
  from space 67072K, 99% used [0x00000007b2080000,0x00000007b61fcce8,0x00000007b6200000)
  to   space 78336K, 0% used [0x00000007ad400000,0x00000007ad400000,0x00000007b2080000)
 ParOldGen       total 174592K, used 67191K [0x0000000760000000, 0x000000076aa80000, 0x00000007a0000000)
  object space 174592K, 38% used [0x0000000760000000,0x000000076419de70,0x000000076aa80000)
 Metaspace       used 64329K, capacity 66605K, committed 66968K, reserved 1107968K
  class space    used 7657K, capacity 8239K, committed 8360K, reserved 1048576K
Event: 1320.662 GC heap after
Heap after GC invocations=21 (full 4):
 PSYoungGen      total 295424K, used 59239K [0x00000007a0000000, 0x00000007b9f80000, 0x00000007c0000000)
  eden space 217088K, 0% used [0x00000007a0000000,0x00000007a0000000,0x00000007ad400000)
  from space 78336K, 75% used [0x00000007ad400000,0x00000007b0dd9ce8,0x00000007b2080000)
  to   space 83968K, 0% used [0x00000007b4d80000,0x00000007b4d80000,0x00000007b9f80000)
 ParOldGen       total 174592K, used 71031K [0x0000000760000000, 0x000000076aa80000, 0x00000007a0000000)
  object space 174592K, 40% used [0x0000000760000000,0x000000076455dcd0,0x000000076aa80000)
 Metaspace       used 64329K, capacity 66605K, committed 66968K, reserved 1107968K
  class space    used 7657K, capacity 8239K, committed 8360K, reserved 1048576K
}
Event: 1323.618 GC heap before
{Heap before GC invocations=22 (full 4):
 PSYoungGen      total 295424K, used 276327K [0x00000007a0000000, 0x00000007b9f80000, 0x00000007c0000000)
  eden space 217088K, 100% used [0x00000007a0000000,0x00000007ad400000,0x00000007ad400000)
  from space 78336K, 75% used [0x00000007ad400000,0x00000007b0dd9ce8,0x00000007b2080000)
  to   space 83968K, 0% used [0x00000007b4d80000,0x00000007b4d80000,0x00000007b9f80000)
 ParOldGen       total 174592K, used 71031K [0x0000000760000000, 0x000000076aa80000, 0x00000007a0000000)
  object space 174592K, 40% used [0x0000000760000000,0x000000076455dcd0,0x000000076aa80000)
 Metaspace       used 64980K, capacity 67255K, committed 67480K, reserved 1107968K
  class space    used 7704K, capacity 8276K, committed 8360K, reserved 1048576K
Event: 1324.100 GC heap after
Heap after GC invocations=22 (full 4):
 PSYoungGen      total 323584K, used 83964K [0x00000007a0000000, 0x00000007bd000000, 0x00000007c0000000)
  eden space 239616K, 0% used [0x00000007a0000000,0x00000007a0000000,0x00000007aea00000)
  from space 83968K, 99% used [0x00000007b4d80000,0x00000007b9f7f260,0x00000007b9f80000)
  to   space 101888K, 0% used [0x00000007aea00000,0x00000007aea00000,0x00000007b4d80000)
 ParOldGen       total 174592K, used 83292K [0x0000000760000000, 0x000000076aa80000, 0x00000007a0000000)
  object space 174592K, 47% used [0x0000000760000000,0x00000007651571e8,0x000000076aa80000)
 Metaspace       used 64980K, capacity 67255K, committed 67480K, reserved 1107968K
  class space    used 7704K, capacity 8276K, committed 8360K, reserved 1048576K
}
Event: 1557.484 GC heap before
{Heap before GC invocations=23 (full 4):
 PSYoungGen      total 323584K, used 323580K [0x00000007a0000000, 0x00000007bd000000, 0x00000007c0000000)
  eden space 239616K, 100% used [0x00000007a0000000,0x00000007aea00000,0x00000007aea00000)
  from space 83968K, 99% used [0x00000007b4d80000,0x00000007b9f7f260,0x00000007b9f80000)
  to   space 101888K, 0% used [0x00000007aea00000,0x00000007aea00000,0x00000007b4d80000)
 ParOldGen       total 174592K, used 83292K [0x0000000760000000, 0x000000076aa80000, 0x00000007a0000000)
  object space 174592K, 47% used [0x0000000760000000,0x00000007651571e8,0x000000076aa80000)
 Metaspace       used 65563K, capacity 67875K, committed 67992K, reserved 1110016K
  class space    used 7751K, capacity 8350K, committed 8360K, reserved 1048576K
Event: 1558.179 GC heap after
Heap after GC invocations=23 (full 4):
 PSYoungGen      total 341504K, used 84018K [0x00000007a0000000, 0x00000007bf880000, 0x00000007c0000000)
  eden space 239616K, 0% used [0x00000007a0000000,0x00000007a0000000,0x00000007aea00000)
  from space 101888K, 82% used [0x00000007aea00000,0x00000007b3c0ca28,0x00000007b4d80000)
  to   space 111616K, 0% used [0x00000007b8b80000,0x00000007b8b80000,0x00000007bf880000)
 ParOldGen       total 174592K, used 127881K [0x0000000760000000, 0x000000076aa80000, 0x00000007a0000000)
  object space 174592K, 73% used [0x0000000760000000,0x0000000767ce2438,0x000000076aa80000)
 Metaspace       used 65563K, capacity 67875K, committed 67992K, reserved 1110016K
  class space    used 7751K, capacity 8350K, committed 8360K, reserved 1048576K
}
Event: 2539.606 GC heap before
{Heap before GC invocations=24 (full 4):
 PSYoungGen      total 341504K, used 323634K [0x00000007a0000000, 0x00000007bf880000, 0x00000007c0000000)
  eden space 239616K, 100% used [0x00000007a0000000,0x00000007aea00000,0x00000007aea00000)
  from space 101888K, 82% used [0x00000007aea00000,0x00000007b3c0ca28,0x00000007b4d80000)
  to   space 111616K, 0% used [0x00000007b8b80000,0x00000007b8b80000,0x00000007bf880000)
 ParOldGen       total 174592K, used 127881K [0x0000000760000000, 0x000000076aa80000, 0x00000007a0000000)
  object space 174592K, 73% used [0x0000000760000000,0x0000000767ce2438,0x000000076aa80000)
 Metaspace       used 66476K, capacity 68927K, committed 69144K, reserved 1110016K
  class space    used 7833K, capacity 8444K, committed 8488K, reserved 1048576K

